# JRE version: OpenJDK Runtime Environment (8.0_112-b06) (build 1.8.0_112-release-b06)
# Java VM: OpenJDK 64-Bit Server VM (25.112-b06 mixed mode windows-amd64 compressed oops)
Heap:
 PSYoungGen      total 131072K, used 126321K [0x00000000e0000000, 0x00000000e9800000, 0x0000000100000000)
  eden space 115712K, 99% used [0x00000000e0000000,0x00000000e7034780,0x00000000e7100000)
  from space 15360K, 74% used [0x00000000e8900000,0x00000000e9427da0,0x00000000e9800000)
  to   space 19968K, 0% used [0x00000000e7100000,0x00000000e7100000,0x00000000e8480000)
 ParOldGen       total 75264K, used 50903K [0x00000000a0000000, 0x00000000a4980000, 0x00000000e0000000)
  object space 75264K, 67% used [0x00000000a0000000,0x00000000a31b5ed8,0x00000000a4980000)
 Metaspace       used 70306K, capacity 73520K, committed 73728K, reserved 1114112K
  class space    used 9077K, capacity 9687K, committed 9728K, reserved 1048576K
GC Heap History (10 events):
Event: 408.994 GC heap before
{Heap before GC invocations=25 (full 3):
 PSYoungGen      total 112640K, used 108481K [0x00000000e0000000, 0x00000000e8480000, 0x0000000100000000)
  eden space 102400K, 100% used [0x00000000e0000000,0x00000000e6400000,0x00000000e6400000)
  from space 10240K, 59% used [0x00000000e6400000,0x00000000e69f0608,0x00000000e6e00000)
  to   space 10240K, 0% used [0x00000000e7a80000,0x00000000e7a80000,0x00000000e8480000)
 ParOldGen       total 75264K, used 33233K [0x00000000a0000000, 0x00000000a4980000, 0x00000000e0000000)
  object space 75264K, 44% used [0x00000000a0000000,0x00000000a20747d0,0x00000000a4980000)
 Metaspace       used 62783K, capacity 65000K, committed 65152K, reserved 1105920K
  class space    used 8333K, capacity 8777K, committed 8832K, reserved 1048576K
Event: 409.127 GC heap after
Heap after GC invocations=25 (full 3):
 PSYoungGen      total 121856K, used 10208K [0x00000000e0000000, 0x00000000e8e80000, 0x0000000100000000)
  eden space 111616K, 0% used [0x00000000e0000000,0x00000000e0000000,0x00000000e6d00000)
  from space 10240K, 99% used [0x00000000e7a80000,0x00000000e8478020,0x00000000e8480000)
  to   space 13824K, 0% used [0x00000000e6d00000,0x00000000e6d00000,0x00000000e7a80000)
 ParOldGen       total 75264K, used 38974K [0x00000000a0000000, 0x00000000a4980000, 0x00000000e0000000)
  object space 75264K, 51% used [0x00000000a0000000,0x00000000a260f838,0x00000000a4980000)
 Metaspace       used 62783K, capacity 65000K, committed 65152K, reserved 1105920K
  class space    used 8333K, capacity 8777K, committed 8832K, reserved 1048576K
}
Event: 426.195 GC heap before
{Heap before GC invocations=26 (full 3):
 PSYoungGen      total 121856K, used 121824K [0x00000000e0000000, 0x00000000e8e80000, 0x0000000100000000)
  eden space 111616K, 100% used [0x00000000e0000000,0x00000000e6d00000,0x00000000e6d00000)
  from space 10240K, 99% used [0x00000000e7a80000,0x00000000e8478020,0x00000000e8480000)
  to   space 13824K, 0% used [0x00000000e6d00000,0x00000000e6d00000,0x00000000e7a80000)
 ParOldGen       total 75264K, used 38974K [0x00000000a0000000, 0x00000000a4980000, 0x00000000e0000000)
  object space 75264K, 51% used [0x00000000a0000000,0x00000000a260f838,0x00000000a4980000)
 Metaspace       used 64311K, capacity 67006K, committed 67200K, reserved 1107968K
  class space    used 8525K, capacity 9084K, committed 9088K, reserved 1048576K
Event: 426.249 GC heap after
Heap after GC invocations=26 (full 3):
 PSYoungGen      total 125440K, used 13808K [0x00000000e0000000, 0x00000000e9e80000, 0x0000000100000000)
  eden space 111616K, 0% used [0x00000000e0000000,0x00000000e0000000,0x00000000e6d00000)
  from space 13824K, 99% used [0x00000000e6d00000,0x00000000e7a7c050,0x00000000e7a80000)
  to   space 17408K, 0% used [0x00000000e8d80000,0x00000000e8d80000,0x00000000e9e80000)
 ParOldGen       total 75264K, used 43191K [0x00000000a0000000, 0x00000000a4980000, 0x00000000e0000000)
  object space 75264K, 57% used [0x00000000a0000000,0x00000000a2a2dc20,0x00000000a4980000)
 Metaspace       used 64311K, capacity 67006K, committed 67200K, reserved 1107968K
  class space    used 8525K, capacity 9084K, committed 9088K, reserved 1048576K
}
Event: 465.886 GC heap before
{Heap before GC invocations=27 (full 3):
 PSYoungGen      total 125440K, used 125424K [0x00000000e0000000, 0x00000000e9e80000, 0x0000000100000000)
  eden space 111616K, 100% used [0x00000000e0000000,0x00000000e6d00000,0x00000000e6d00000)
  from space 13824K, 99% used [0x00000000e6d00000,0x00000000e7a7c050,0x00000000e7a80000)
  to   space 17408K, 0% used [0x00000000e8d80000,0x00000000e8d80000,0x00000000e9e80000)
 ParOldGen       total 75264K, used 43191K [0x00000000a0000000, 0x00000000a4980000, 0x00000000e0000000)
  object space 75264K, 57% used [0x00000000a0000000,0x00000000a2a2dc20,0x00000000a4980000)
 Metaspace       used 64761K, capacity 67690K, committed 67840K, reserved 1107968K
  class space    used 8557K, capacity 9136K, committed 9216K, reserved 1048576K
Event: 465.948 GC heap after
Heap after GC invocations=27 (full 3):
 PSYoungGen      total 141824K, used 12770K [0x00000000e0000000, 0x00000000e9e00000, 0x0000000100000000)
  eden space 124928K, 0% used [0x00000000e0000000,0x00000000e0000000,0x00000000e7a00000)
  from space 16896K, 75% used [0x00000000e8d80000,0x00000000e99f8988,0x00000000e9e00000)
  to   space 18432K, 0% used [0x00000000e7a00000,0x00000000e7a00000,0x00000000e8c00000)
 ParOldGen       total 75264K, used 50887K [0x00000000a0000000, 0x00000000a4980000, 0x00000000e0000000)
  object space 75264K, 67% used [0x00000000a0000000,0x00000000a31b1ed8,0x00000000a4980000)
 Metaspace       used 64761K, capacity 67690K, committed 67840K, reserved 1107968K
  class space    used 8557K, capacity 9136K, committed 9216K, reserved 1048576K
}
Event: 1983.514 GC heap before
{Heap before GC invocations=28 (full 3):
 PSYoungGen      total 141824K, used 137698K [0x00000000e0000000, 0x00000000e9e00000, 0x0000000100000000)
  eden space 124928K, 100% used [0x00000000e0000000,0x00000000e7a00000,0x00000000e7a00000)
  from space 16896K, 75% used [0x00000000e8d80000,0x00000000e99f8988,0x00000000e9e00000)
  to   space 18432K, 0% used [0x00000000e7a00000,0x00000000e7a00000,0x00000000e8c00000)
 ParOldGen       total 75264K, used 50887K [0x00000000a0000000, 0x00000000a4980000, 0x00000000e0000000)
  object space 75264K, 67% used [0x00000000a0000000,0x00000000a31b1ed8,0x00000000a4980000)
 Metaspace       used 65248K, capacity 68174K, committed 68352K, reserved 1107968K
  class space    used 8571K, capacity 9156K, committed 9216K, reserved 1048576K
Event: 1983.559 GC heap after
Heap after GC invocations=28 (full 3):
 PSYoungGen      total 135168K, used 14752K [0x00000000e0000000, 0x00000000e9c80000, 0x0000000100000000)
  eden space 120320K, 0% used [0x00000000e0000000,0x00000000e0000000,0x00000000e7580000)
  from space 14848K, 99% used [0x00000000e7a00000,0x00000000e8868050,0x00000000e8880000)
  to   space 19968K, 0% used [0x00000000e8900000,0x00000000e8900000,0x00000000e9c80000)
 ParOldGen       total 75264K, used 50895K [0x00000000a0000000, 0x00000000a4980000, 0x00000000e0000000)
  object space 75264K, 67% used [0x00000000a0000000,0x00000000a31b3ed8,0x00000000a4980000)
 Metaspace       used 65248K, capacity 68174K, committed 68352K, reserved 1107968K
  class space    used 8571K, capacity 9156K, committed 9216K, reserved 1048576K
}
Event: 1992.161 GC heap before
{Heap before GC invocations=29 (full 3):
 PSYoungGen      total 135168K, used 135072K [0x00000000e0000000, 0x00000000e9c80000, 0x0000000100000000)
  eden space 120320K, 100% used [0x00000000e0000000,0x00000000e7580000,0x00000000e7580000)
  from space 14848K, 99% used [0x00000000e7a00000,0x00000000e8868050,0x00000000e8880000)
  to   space 19968K, 0% used [0x00000000e8900000,0x00000000e8900000,0x00000000e9c80000)
 ParOldGen       total 75264K, used 50895K [0x00000000a0000000, 0x00000000a4980000, 0x00000000e0000000)
  object space 75264K, 67% used [0x00000000a0000000,0x00000000a31b3ed8,0x00000000a4980000)
 Metaspace       used 67500K, capacity 70648K, committed 70912K, reserved 1110016K
  class space    used 8831K, capacity 9421K, committed 9472K, reserved 1048576K
Event: 1992.194 GC heap after
Heap after GC invocations=29 (full 3):
 PSYoungGen      total 131072K, used 11423K [0x00000000e0000000, 0x00000000e9800000, 0x0000000100000000)
  eden space 115712K, 0% used [0x00000000e0000000,0x00000000e0000000,0x00000000e7100000)
  from space 15360K, 74% used [0x00000000e8900000,0x00000000e9427da0,0x00000000e9800000)
  to   space 19968K, 0% used [0x00000000e7100000,0x00000000e7100000,0x00000000e8480000)
 ParOldGen       total 75264K, used 50903K [0x00000000a0000000, 0x00000000a4980000, 0x00000000e0000000)
  object space 75264K, 67% used [0x00000000a0000000,0x00000000a31b5ed8,0x00000000a4980000)
 Metaspace       used 67500K, capacity 70648K, committed 70912K, reserved 1110016K
  class space    used 8831K, capacity 9421K, committed 9472K, reserved 1048576K
}

